2025-09-26 19:11:07,263 | INFO     | src.data_loader | load_data | Carregando dados de 'dadosOriginais (2).xlsx'
2025-09-26 19:11:22,404 | INFO     | src.data_loader | load_data | Dados carregados com sucesso. Shape: (44758, 15)
2025-09-26 19:11:22,409 | INFO     | src.data_preprocessor | preprocess_data | Iniciando pre-processamento basico dos dados.
2025-09-26 19:11:22,428 | INFO     | src.data_preprocessor | preprocess_data | 11858 linhas removidas por valores nulos em colunas chave.
2025-09-26 19:11:22,429 | WARNING  | src.data_preprocessor | preprocess_data | Encontrados 32 registros com quantidade de alunos <= 0. Corrigindo para 1.
2025-09-26 19:11:22,431 | INFO     | src.data_preprocessor | preprocess_data | Pre-processamento concluido. Shape final: (32900, 15)
2025-09-26 19:11:22,431 | INFO     | src.feature_engineer | create_features | Iniciando engenharia de features.
2025-09-26 19:11:22,584 | INFO     | src.feature_engineer | create_features | Engenharia de features concluida. Shape final: (32900, 25)
2025-09-26 19:11:22,602 | INFO     | src.model_trainer | train | Iniciando treinamento do modelo Random Forest.
2025-09-26 19:11:22,619 | INFO     | src.model_trainer | _tune_and_fit | Otimizando hiperparametros com GridSearchCV...
2025-09-26 19:28:34,268 | INFO     | src.model_trainer | _tune_and_fit | Melhores hiperparametros encontrados: {'max_depth': 15, 'max_features': 'sqrt', 'min_samples_leaf': 4, 'min_samples_split': 10, 'n_estimators': 100}
2025-09-26 19:28:34,333 | INFO     | src.model_trainer | _log_metrics | [PERFORMANCE DO MODELO]
2025-09-26 19:28:34,333 | INFO     | src.model_trainer | _log_metrics | R Score: 0.4203
2025-09-26 19:28:34,333 | INFO     | src.model_trainer | _log_metrics | RMSE (Erro medio por aluno): R$ 4108.71
2025-09-26 19:28:34,334 | INFO     | src.model_trainer | _log_metrics | MAE (Erro absoluto medio por aluno): R$ 144.55
2025-09-26 19:28:34,334 | INFO     | src.model_trainer | _log_metrics | MAPE (Erro percentual medio): 1391132342.01%
2025-09-26 19:28:34,377 | INFO     | src.model_trainer | _capture_feature_importance | [TOP 10 FEATURES MAIS IMPORTANTES]
2025-09-26 19:28:34,378 | INFO     | src.model_trainer | _capture_feature_importance | - Alunos_Ano_Interaction: 0.2305
2025-09-26 19:28:34,378 | INFO     | src.model_trainer | _capture_feature_importance | - Log_Quantidade_Alunos: 0.2005
2025-09-26 19:28:34,379 | INFO     | src.model_trainer | _capture_feature_importance | - LogAlunos_Ano_Interaction: 0.1876
2025-09-26 19:28:34,379 | INFO     | src.model_trainer | _capture_feature_importance | - Sqrt_Quantidade_Alunos: 0.1751
2025-09-26 19:28:34,379 | INFO     | src.model_trainer | _capture_feature_importance | - Quantidade Alunos: 0.1382
2025-09-26 19:28:34,380 | INFO     | src.model_trainer | _capture_feature_importance | - UF - desc_encoded: 0.0676
2025-09-26 19:28:34,380 | INFO     | src.model_trainer | _capture_feature_importance | - Programa Governo_encoded: 0.0002
2025-09-26 19:28:34,381 | INFO     | src.model_trainer | _capture_feature_importance | - Ano_Quadratico: 0.0001
2025-09-26 19:28:34,381 | INFO     | src.model_trainer | _capture_feature_importance | - Ano_Lancamento: 0.0001
2025-09-26 19:28:34,381 | INFO     | src.model_trainer | _capture_feature_importance | - Tendencia_Temporal: 0.0001
2025-09-26 19:28:34,620 | INFO     | src.model_analyzer | generate_summary_plot | Gerando dashboard de visualizacao do modelo.
2025-09-26 19:28:34,621 | ERROR    | src.model_analyzer | generate_summary_plot | Falha ao gerar graficos: module 'matplotlib' has no attribute 'subplots'
2025-09-26 19:28:34,741 | INFO     | src.model_trainer | save_model | Modelo e artefatos salvos em: rf_model_investimento_aluno_20250926_191102.pkl
2025-09-26 19:28:34,742 | INFO     | src.utils | generate_final_report | 
================================================================================
RELATORIO FINAL
================================================================================
2025-09-26 19:28:34,742 | INFO     | src.utils | generate_final_report | 
Pipeline executado com sucesso!
